<?xml version="1.0" encoding="UTF-8"?>
<!-- Generated by org.testng.reporters.JUnitReportReporter -->
<testsuite hostname="CMRSTANFORD16" name="POM.Execution" tests="1" failures="0" timestamp="13 Aug 2019 09:32:08 GMT" time="21.500" errors="0">
  <testcase name="testLoginFunctionality" time="21.500" classname="POM.Execution"/>
</testsuite> <!-- POM.Execution -->
